<?xml version="1.0" encoding="UTF-8"?>
<!-- Generated by org.testng.reporters.JUnitXMLReporter -->
<testsuite ignored="0" hostname="SHARIQUE" failures="0" tests="3" name="Test1" time="24.713" errors="0" timestamp="2023-10-01T09:12:08 IST">
  <testcase classname="ShopperLogin.Login8Test" name="TC_Login_003" time="0.0">
    <skipped/>
  </testcase> <!-- TC_Login_003 -->
  <testcase classname="ShopperLogin.Login8Test" name="TC_Login_004" time="0.001">
    <skipped/>
  </testcase> <!-- TC_Login_004 -->
  <testcase classname="ShopperLogin.Login8Test" name="TC_Login_005" time="0.0">
    <skipped/>
  </testcase> <!-- TC_Login_005 -->
</testsuite> <!-- Test1 -->
